<?xml version="1.0" encoding="UTF-8"?>
<testsuite name="ViewTest.GridDesignTest" tests="4" skipped="0" failures="0" errors="0" timestamp="2023-01-19T13:33:35" hostname="SIMAO" time="0.014">
  <properties/>
  <testcase name="pintarTexto()" classname="ViewTest.GridDesignTest" time="0.004"/>
  <testcase name="pintarGrid()" classname="ViewTest.GridDesignTest" time="0.003"/>
  <testcase name="pintarPeca()" classname="ViewTest.GridDesignTest" time="0.002"/>
  <testcase name="pintarListaGrid()" classname="ViewTest.GridDesignTest" time="0.003"/>
  <system-out><![CDATA[]]></system-out>
  <system-err><![CDATA[]]></system-err>
</testsuite>
