<?xml version="1.0" encoding="UTF-8"?>
<testsuite name="ModelTest.GridTest" tests="5" skipped="0" failures="0" errors="0" timestamp="2023-01-19T13:33:35" hostname="SIMAO" time="0.009">
  <properties/>
  <testcase name="valido()" classname="ModelTest.GridTest" time="0.002"/>
  <testcase name="adicionaPeca()" classname="ModelTest.GridTest" time="0.002"/>
  <testcase name="removerLinhas()" classname="ModelTest.GridTest" time="0.001"/>
  <testcase name="gets()" classname="ModelTest.GridTest" time="0.001"/>
  <testcase name="setmatriz()" classname="ModelTest.GridTest" time="0.001"/>
  <system-out><![CDATA[]]></system-out>
  <system-err><![CDATA[]]></system-err>
</testsuite>
