<?xml version="1.0" encoding="UTF-8"?>
<testsuite name="ControllerTest.JogoTest" tests="3" skipped="0" failures="0" errors="0" timestamp="2023-01-19T13:33:34" hostname="SIMAO" time="0.903">
  <properties/>
  <testcase name="getPecaAleatoriaTest()" classname="ControllerTest.JogoTest" time="0.022"/>
  <testcase name="JogoTest()" classname="ControllerTest.JogoTest" time="0.825"/>
  <testcase name="getKeyTest()" classname="ControllerTest.JogoTest" time="0.002"/>
  <system-out><![CDATA[]]></system-out>
  <system-err><![CDATA[]]></system-err>
</testsuite>
