<?xml version="1.0" encoding="UTF-8"?>
<testsuite name="ModelTest.PecaTest" tests="15" skipped="0" failures="0" errors="0" timestamp="2023-01-19T13:33:35" hostname="SIMAO" time="0.018">
  <properties/>
  <testcase name="moverRightTest()" classname="ModelTest.PecaTest" time="0.002"/>
  <testcase name="moverUpTest()" classname="ModelTest.PecaTest" time="0.0"/>
  <testcase name="rotacaoTest()" classname="ModelTest.PecaTest" time="0.001"/>
  <testcase name="setrotacaoTest()" classname="ModelTest.PecaTest" time="0.0"/>
  <testcase name="getAltura()" classname="ModelTest.PecaTest" time="0.0"/>
  <testcase name="checkTest()" classname="ModelTest.PecaTest" time="0.0"/>
  <testcase name="rerotacaotest()" classname="ModelTest.PecaTest" time="0.001"/>
  <testcase name="moverDownTest()" classname="ModelTest.PecaTest" time="0.001"/>
  <testcase name="verificarTest()" classname="ModelTest.PecaTest" time="0.001"/>
  <testcase name="setXTest()" classname="ModelTest.PecaTest" time="0.001"/>
  <testcase name="setYTest()" classname="ModelTest.PecaTest" time="0.001"/>
  <testcase name="moverLeftTest()" classname="ModelTest.PecaTest" time="0.001"/>
  <testcase name="SetCorTest()" classname="ModelTest.PecaTest" time="0.0"/>
  <testcase name="getFormatest()" classname="ModelTest.PecaTest" time="0.0"/>
  <testcase name="Peca1verificar()" classname="ModelTest.PecaTest" time="0.0"/>
  <system-out><![CDATA[]]></system-out>
  <system-err><![CDATA[]]></system-err>
</testsuite>
