<?xml version="1.0" encoding="UTF-8"?>
<testsuite name="ModelTest.ScoreTest" tests="4" skipped="0" failures="0" errors="0" timestamp="2023-01-19T13:33:35" hostname="SIMAO" time="0.005">
  <properties/>
  <testcase name="processoNivelandgetTempoTest1()" classname="ModelTest.ScoreTest" time="0.002"/>
  <testcase name="processoNivelandgetTempoTest2()" classname="ModelTest.ScoreTest" time="0.001"/>
  <testcase name="getSetTest()" classname="ModelTest.ScoreTest" time="0.001"/>
  <testcase name="linhasProcessadasTest()" classname="ModelTest.ScoreTest" time="0.001"/>
  <system-out><![CDATA[]]></system-out>
  <system-err><![CDATA[]]></system-err>
</testsuite>
